[2025-04-15 18:27:44] local.ERROR: Class "Laravel\Telescope\TelescopeApplicationServiceProvider" not found {"exception":"[object] (Error(code: 0): Class \"Laravel\\Telescope\\TelescopeApplicationServiceProvider\" not found at D:\\CODE\\deploy\\WEBDOCTRUYEN-NEXTJS-LARAVEL\\backend-laravel\\app\\Providers\\TelescopeServiceProvider.php:10)
[stacktrace]
#0 D:\\CODE\\deploy\\WEBDOCTRUYEN-NEXTJS-LARAVEL\\backend-laravel\\vendor\\composer\\ClassLoader.php(576): include()
#1 D:\\CODE\\deploy\\WEBDOCTRUYEN-NEXTJS-LARAVEL\\backend-laravel\\vendor\\composer\\ClassLoader.php(427): Composer\\Autoload\\{closure}('D:\\\\CODE\\\\deploy\\\\...')
#2 D:\\CODE\\deploy\\WEBDOCTRUYEN-NEXTJS-LARAVEL\\backend-laravel\\vendor\\laravel\\framework\\src\\Illuminate\\Foundation\\ProviderRepository.php(206): Composer\\Autoload\\ClassLoader->loadClass('App\\\\Providers\\\\T...')
#3 D:\\CODE\\deploy\\WEBDOCTRUYEN-NEXTJS-LARAVEL\\backend-laravel\\vendor\\laravel\\framework\\src\\Illuminate\\Foundation\\ProviderRepository.php(142): Illuminate\\Foundation\\ProviderRepository->createProvider('App\\\\Providers\\\\T...')
#4 D:\\CODE\\deploy\\WEBDOCTRUYEN-NEXTJS-LARAVEL\\backend-laravel\\vendor\\laravel\\framework\\src\\Illuminate\\Foundation\\ProviderRepository.php(61): Illuminate\\Foundation\\ProviderRepository->compileManifest(Array)
#5 D:\\CODE\\deploy\\WEBDOCTRUYEN-NEXTJS-LARAVEL\\backend-laravel\\vendor\\laravel\\framework\\src\\Illuminate\\Foundation\\Application.php(794): Illuminate\\Foundation\\ProviderRepository->load(Array)
#6 D:\\CODE\\deploy\\WEBDOCTRUYEN-NEXTJS-LARAVEL\\backend-laravel\\vendor\\laravel\\framework\\src\\Illuminate\\Foundation\\Bootstrap\\RegisterProviders.php(17): Illuminate\\Foundation\\Application->registerConfiguredProviders()
#7 D:\\CODE\\deploy\\WEBDOCTRUYEN-NEXTJS-LARAVEL\\backend-laravel\\vendor\\laravel\\framework\\src\\Illuminate\\Foundation\\Application.php(286): Illuminate\\Foundation\\Bootstrap\\RegisterProviders->bootstrap(Object(Illuminate\\Foundation\\Application))
#8 D:\\CODE\\deploy\\WEBDOCTRUYEN-NEXTJS-LARAVEL\\backend-laravel\\vendor\\laravel\\framework\\src\\Illuminate\\Foundation\\Console\\Kernel.php(447): Illuminate\\Foundation\\Application->bootstrapWith(Array)
#9 D:\\CODE\\deploy\\WEBDOCTRUYEN-NEXTJS-LARAVEL\\backend-laravel\\vendor\\laravel\\framework\\src\\Illuminate\\Foundation\\Console\\Kernel.php(199): Illuminate\\Foundation\\Console\\Kernel->bootstrap()
#10 D:\\CODE\\deploy\\WEBDOCTRUYEN-NEXTJS-LARAVEL\\backend-laravel\\artisan(35): Illuminate\\Foundation\\Console\\Kernel->handle(Object(Symfony\\Component\\Console\\Input\\ArgvInput), Object(Symfony\\Component\\Console\\Output\\ConsoleOutput))
#11 {main}
"} 
[2025-04-15 18:29:22] local.ERROR: Cannot declare class App\Providers\TelescopeServiceProvider because the name is already in use {"exception":"[object] (Symfony\\Component\\ErrorHandler\\Error\\FatalError(code: 0): Cannot declare class App\\Providers\\TelescopeServiceProvider because the name is already in use at D:\\CODE\\deploy\\WEBDOCTRUYEN-NEXTJS-LARAVEL\\backend-laravel\\app\\Providers\\TelescopeServiceProvider.php:10)
[stacktrace]
#0 {main}
"} 
[2025-04-15 18:29:45] local.ERROR: Class "Barryvdh\LaravelIdeHelper\IdeHelperServiceProvider" not found {"exception":"[object] (Error(code: 0): Class \"Barryvdh\\LaravelIdeHelper\\IdeHelperServiceProvider\" not found at D:\\CODE\\deploy\\WEBDOCTRUYEN-NEXTJS-LARAVEL\\backend-laravel\\vendor\\laravel\\framework\\src\\Illuminate\\Foundation\\ProviderRepository.php:206)
[stacktrace]
#0 D:\\CODE\\deploy\\WEBDOCTRUYEN-NEXTJS-LARAVEL\\backend-laravel\\vendor\\laravel\\framework\\src\\Illuminate\\Foundation\\ProviderRepository.php(142): Illuminate\\Foundation\\ProviderRepository->createProvider('Barryvdh\\\\Larave...')
#1 D:\\CODE\\deploy\\WEBDOCTRUYEN-NEXTJS-LARAVEL\\backend-laravel\\vendor\\laravel\\framework\\src\\Illuminate\\Foundation\\ProviderRepository.php(61): Illuminate\\Foundation\\ProviderRepository->compileManifest(Array)
#2 D:\\CODE\\deploy\\WEBDOCTRUYEN-NEXTJS-LARAVEL\\backend-laravel\\vendor\\laravel\\framework\\src\\Illuminate\\Foundation\\Application.php(794): Illuminate\\Foundation\\ProviderRepository->load(Array)
#3 D:\\CODE\\deploy\\WEBDOCTRUYEN-NEXTJS-LARAVEL\\backend-laravel\\vendor\\laravel\\framework\\src\\Illuminate\\Foundation\\Bootstrap\\RegisterProviders.php(17): Illuminate\\Foundation\\Application->registerConfiguredProviders()
#4 D:\\CODE\\deploy\\WEBDOCTRUYEN-NEXTJS-LARAVEL\\backend-laravel\\vendor\\laravel\\framework\\src\\Illuminate\\Foundation\\Application.php(286): Illuminate\\Foundation\\Bootstrap\\RegisterProviders->bootstrap(Object(Illuminate\\Foundation\\Application))
#5 D:\\CODE\\deploy\\WEBDOCTRUYEN-NEXTJS-LARAVEL\\backend-laravel\\vendor\\laravel\\framework\\src\\Illuminate\\Foundation\\Console\\Kernel.php(447): Illuminate\\Foundation\\Application->bootstrapWith(Array)
#6 D:\\CODE\\deploy\\WEBDOCTRUYEN-NEXTJS-LARAVEL\\backend-laravel\\vendor\\laravel\\framework\\src\\Illuminate\\Foundation\\Console\\Kernel.php(199): Illuminate\\Foundation\\Console\\Kernel->bootstrap()
#7 D:\\CODE\\deploy\\WEBDOCTRUYEN-NEXTJS-LARAVEL\\backend-laravel\\artisan(35): Illuminate\\Foundation\\Console\\Kernel->handle(Object(Symfony\\Component\\Console\\Input\\ArgvInput), Object(Symfony\\Component\\Console\\Output\\ConsoleOutput))
#8 {main}
"} 
[2025-04-15 18:30:07] local.ERROR: Class "Barryvdh\LaravelIdeHelper\IdeHelperServiceProvider" not found {"exception":"[object] (Error(code: 0): Class \"Barryvdh\\LaravelIdeHelper\\IdeHelperServiceProvider\" not found at D:\\CODE\\deploy\\WEBDOCTRUYEN-NEXTJS-LARAVEL\\backend-laravel\\vendor\\laravel\\framework\\src\\Illuminate\\Foundation\\ProviderRepository.php:206)
[stacktrace]
#0 D:\\CODE\\deploy\\WEBDOCTRUYEN-NEXTJS-LARAVEL\\backend-laravel\\vendor\\laravel\\framework\\src\\Illuminate\\Foundation\\ProviderRepository.php(142): Illuminate\\Foundation\\ProviderRepository->createProvider('Barryvdh\\\\Larave...')
#1 D:\\CODE\\deploy\\WEBDOCTRUYEN-NEXTJS-LARAVEL\\backend-laravel\\vendor\\laravel\\framework\\src\\Illuminate\\Foundation\\ProviderRepository.php(61): Illuminate\\Foundation\\ProviderRepository->compileManifest(Array)
#2 D:\\CODE\\deploy\\WEBDOCTRUYEN-NEXTJS-LARAVEL\\backend-laravel\\vendor\\laravel\\framework\\src\\Illuminate\\Foundation\\Application.php(794): Illuminate\\Foundation\\ProviderRepository->load(Array)
#3 D:\\CODE\\deploy\\WEBDOCTRUYEN-NEXTJS-LARAVEL\\backend-laravel\\vendor\\laravel\\framework\\src\\Illuminate\\Foundation\\Bootstrap\\RegisterProviders.php(17): Illuminate\\Foundation\\Application->registerConfiguredProviders()
#4 D:\\CODE\\deploy\\WEBDOCTRUYEN-NEXTJS-LARAVEL\\backend-laravel\\vendor\\laravel\\framework\\src\\Illuminate\\Foundation\\Application.php(286): Illuminate\\Foundation\\Bootstrap\\RegisterProviders->bootstrap(Object(Illuminate\\Foundation\\Application))
#5 D:\\CODE\\deploy\\WEBDOCTRUYEN-NEXTJS-LARAVEL\\backend-laravel\\vendor\\laravel\\framework\\src\\Illuminate\\Foundation\\Console\\Kernel.php(447): Illuminate\\Foundation\\Application->bootstrapWith(Array)
#6 D:\\CODE\\deploy\\WEBDOCTRUYEN-NEXTJS-LARAVEL\\backend-laravel\\vendor\\laravel\\framework\\src\\Illuminate\\Foundation\\Console\\Kernel.php(199): Illuminate\\Foundation\\Console\\Kernel->bootstrap()
#7 D:\\CODE\\deploy\\WEBDOCTRUYEN-NEXTJS-LARAVEL\\backend-laravel\\artisan(35): Illuminate\\Foundation\\Console\\Kernel->handle(Object(Symfony\\Component\\Console\\Input\\ArgvInput), Object(Symfony\\Component\\Console\\Output\\ConsoleOutput))
#8 {main}
"} 
[2025-04-15 18:30:43] local.ERROR: Please provide a valid cache path. {"exception":"[object] (InvalidArgumentException(code: 0): Please provide a valid cache path. at D:\\CODE\\deploy\\WEBDOCTRUYEN-NEXTJS-LARAVEL\\backend-laravel\\vendor\\laravel\\framework\\src\\Illuminate\\View\\Compilers\\Compiler.php:67)
[stacktrace]
#0 D:\\CODE\\deploy\\WEBDOCTRUYEN-NEXTJS-LARAVEL\\backend-laravel\\vendor\\laravel\\framework\\src\\Illuminate\\View\\ViewServiceProvider.php(97): Illuminate\\View\\Compilers\\Compiler->__construct(Object(Illuminate\\Filesystem\\Filesystem), false, '', true, 'php')
#1 D:\\CODE\\deploy\\WEBDOCTRUYEN-NEXTJS-LARAVEL\\backend-laravel\\vendor\\laravel\\framework\\src\\Illuminate\\Container\\Container.php(908): Illuminate\\View\\ViewServiceProvider->Illuminate\\View\\{closure}(Object(Illuminate\\Foundation\\Application), Array)
#2 D:\\CODE\\deploy\\WEBDOCTRUYEN-NEXTJS-LARAVEL\\backend-laravel\\vendor\\laravel\\framework\\src\\Illuminate\\Container\\Container.php(795): Illuminate\\Container\\Container->build(Object(Closure))
#3 D:\\CODE\\deploy\\WEBDOCTRUYEN-NEXTJS-LARAVEL\\backend-laravel\\vendor\\laravel\\framework\\src\\Illuminate\\Foundation\\Application.php(986): Illuminate\\Container\\Container->resolve('blade.compiler', Array, true)
#4 D:\\CODE\\deploy\\WEBDOCTRUYEN-NEXTJS-LARAVEL\\backend-laravel\\vendor\\laravel\\framework\\src\\Illuminate\\Container\\Container.php(731): Illuminate\\Foundation\\Application->resolve('blade.compiler', Array)
#5 D:\\CODE\\deploy\\WEBDOCTRUYEN-NEXTJS-LARAVEL\\backend-laravel\\vendor\\laravel\\framework\\src\\Illuminate\\Foundation\\Application.php(971): Illuminate\\Container\\Container->make('blade.compiler', Array)
#6 D:\\CODE\\deploy\\WEBDOCTRUYEN-NEXTJS-LARAVEL\\backend-laravel\\vendor\\laravel\\framework\\src\\Illuminate\\Container\\Container.php(1454): Illuminate\\Foundation\\Application->make('blade.compiler')
#7 D:\\CODE\\deploy\\WEBDOCTRUYEN-NEXTJS-LARAVEL\\backend-laravel\\vendor\\laravel\\framework\\src\\Illuminate\\Support\\Facades\\Facade.php(237): Illuminate\\Container\\Container->offsetGet('blade.compiler')
#8 D:\\CODE\\deploy\\WEBDOCTRUYEN-NEXTJS-LARAVEL\\backend-laravel\\vendor\\laravel\\framework\\src\\Illuminate\\Support\\Facades\\Facade.php(208): Illuminate\\Support\\Facades\\Facade::resolveFacadeInstance('blade.compiler')
#9 D:\\CODE\\deploy\\WEBDOCTRUYEN-NEXTJS-LARAVEL\\backend-laravel\\vendor\\laravel\\framework\\src\\Illuminate\\Support\\Facades\\Facade.php(349): Illuminate\\Support\\Facades\\Facade::getFacadeRoot()
#10 D:\\CODE\\deploy\\WEBDOCTRUYEN-NEXTJS-LARAVEL\\backend-laravel\\vendor\\cloudinary-labs\\cloudinary-laravel\\src\\CloudinaryServiceProvider.php(75): Illuminate\\Support\\Facades\\Facade::__callStatic('directive', Array)
#11 D:\\CODE\\deploy\\WEBDOCTRUYEN-NEXTJS-LARAVEL\\backend-laravel\\vendor\\cloudinary-labs\\cloudinary-laravel\\src\\CloudinaryServiceProvider.php(31): CloudinaryLabs\\CloudinaryLaravel\\CloudinaryServiceProvider->bootDirectives()
#12 D:\\CODE\\deploy\\WEBDOCTRUYEN-NEXTJS-LARAVEL\\backend-laravel\\vendor\\laravel\\framework\\src\\Illuminate\\Container\\BoundMethod.php(36): CloudinaryLabs\\CloudinaryLaravel\\CloudinaryServiceProvider->boot()
#13 D:\\CODE\\deploy\\WEBDOCTRUYEN-NEXTJS-LARAVEL\\backend-laravel\\vendor\\laravel\\framework\\src\\Illuminate\\Container\\Util.php(41): Illuminate\\Container\\BoundMethod::Illuminate\\Container\\{closure}()
#14 D:\\CODE\\deploy\\WEBDOCTRUYEN-NEXTJS-LARAVEL\\backend-laravel\\vendor\\laravel\\framework\\src\\Illuminate\\Container\\BoundMethod.php(93): Illuminate\\Container\\Util::unwrapIfClosure(Object(Closure))
#15 D:\\CODE\\deploy\\WEBDOCTRUYEN-NEXTJS-LARAVEL\\backend-laravel\\vendor\\laravel\\framework\\src\\Illuminate\\Container\\BoundMethod.php(35): Illuminate\\Container\\BoundMethod::callBoundMethod(Object(Illuminate\\Foundation\\Application), Array, Object(Closure))
#16 D:\\CODE\\deploy\\WEBDOCTRUYEN-NEXTJS-LARAVEL\\backend-laravel\\vendor\\laravel\\framework\\src\\Illuminate\\Container\\Container.php(662): Illuminate\\Container\\BoundMethod::call(Object(Illuminate\\Foundation\\Application), Array, Array, NULL)
#17 D:\\CODE\\deploy\\WEBDOCTRUYEN-NEXTJS-LARAVEL\\backend-laravel\\vendor\\laravel\\framework\\src\\Illuminate\\Foundation\\Application.php(1059): Illuminate\\Container\\Container->call(Array)
#18 D:\\CODE\\deploy\\WEBDOCTRUYEN-NEXTJS-LARAVEL\\backend-laravel\\vendor\\laravel\\framework\\src\\Illuminate\\Foundation\\Application.php(1040): Illuminate\\Foundation\\Application->bootProvider(Object(CloudinaryLabs\\CloudinaryLaravel\\CloudinaryServiceProvider))
#19 [internal function]: Illuminate\\Foundation\\Application->Illuminate\\Foundation\\{closure}(Object(CloudinaryLabs\\CloudinaryLaravel\\CloudinaryServiceProvider), 15)
#20 D:\\CODE\\deploy\\WEBDOCTRUYEN-NEXTJS-LARAVEL\\backend-laravel\\vendor\\laravel\\framework\\src\\Illuminate\\Foundation\\Application.php(1039): array_walk(Array, Object(Closure))
#21 D:\\CODE\\deploy\\WEBDOCTRUYEN-NEXTJS-LARAVEL\\backend-laravel\\vendor\\laravel\\framework\\src\\Illuminate\\Foundation\\Bootstrap\\BootProviders.php(17): Illuminate\\Foundation\\Application->boot()
#22 D:\\CODE\\deploy\\WEBDOCTRUYEN-NEXTJS-LARAVEL\\backend-laravel\\vendor\\laravel\\framework\\src\\Illuminate\\Foundation\\Application.php(286): Illuminate\\Foundation\\Bootstrap\\BootProviders->bootstrap(Object(Illuminate\\Foundation\\Application))
#23 D:\\CODE\\deploy\\WEBDOCTRUYEN-NEXTJS-LARAVEL\\backend-laravel\\vendor\\laravel\\framework\\src\\Illuminate\\Foundation\\Console\\Kernel.php(447): Illuminate\\Foundation\\Application->bootstrapWith(Array)
#24 D:\\CODE\\deploy\\WEBDOCTRUYEN-NEXTJS-LARAVEL\\backend-laravel\\vendor\\laravel\\framework\\src\\Illuminate\\Foundation\\Console\\Kernel.php(199): Illuminate\\Foundation\\Console\\Kernel->bootstrap()
#25 D:\\CODE\\deploy\\WEBDOCTRUYEN-NEXTJS-LARAVEL\\backend-laravel\\artisan(35): Illuminate\\Foundation\\Console\\Kernel->handle(Object(Symfony\\Component\\Console\\Input\\ArgvInput), Object(Symfony\\Component\\Console\\Output\\ConsoleOutput))
#26 {main}
"} 
[2025-04-15 18:31:47] local.ERROR: Class "Barryvdh\LaravelIdeHelper\IdeHelperServiceProvider" not found {"exception":"[object] (Error(code: 0): Class \"Barryvdh\\LaravelIdeHelper\\IdeHelperServiceProvider\" not found at D:\\CODE\\deploy\\WEBDOCTRUYEN-NEXTJS-LARAVEL\\backend-laravel\\vendor\\laravel\\framework\\src\\Illuminate\\Foundation\\ProviderRepository.php:206)
[stacktrace]
#0 D:\\CODE\\deploy\\WEBDOCTRUYEN-NEXTJS-LARAVEL\\backend-laravel\\vendor\\laravel\\framework\\src\\Illuminate\\Foundation\\ProviderRepository.php(142): Illuminate\\Foundation\\ProviderRepository->createProvider('Barryvdh\\\\Larave...')
#1 D:\\CODE\\deploy\\WEBDOCTRUYEN-NEXTJS-LARAVEL\\backend-laravel\\vendor\\laravel\\framework\\src\\Illuminate\\Foundation\\ProviderRepository.php(61): Illuminate\\Foundation\\ProviderRepository->compileManifest(Array)
#2 D:\\CODE\\deploy\\WEBDOCTRUYEN-NEXTJS-LARAVEL\\backend-laravel\\vendor\\laravel\\framework\\src\\Illuminate\\Foundation\\Application.php(794): Illuminate\\Foundation\\ProviderRepository->load(Array)
#3 D:\\CODE\\deploy\\WEBDOCTRUYEN-NEXTJS-LARAVEL\\backend-laravel\\vendor\\laravel\\framework\\src\\Illuminate\\Foundation\\Bootstrap\\RegisterProviders.php(17): Illuminate\\Foundation\\Application->registerConfiguredProviders()
#4 D:\\CODE\\deploy\\WEBDOCTRUYEN-NEXTJS-LARAVEL\\backend-laravel\\vendor\\laravel\\framework\\src\\Illuminate\\Foundation\\Application.php(286): Illuminate\\Foundation\\Bootstrap\\RegisterProviders->bootstrap(Object(Illuminate\\Foundation\\Application))
#5 D:\\CODE\\deploy\\WEBDOCTRUYEN-NEXTJS-LARAVEL\\backend-laravel\\vendor\\laravel\\framework\\src\\Illuminate\\Foundation\\Console\\Kernel.php(447): Illuminate\\Foundation\\Application->bootstrapWith(Array)
#6 D:\\CODE\\deploy\\WEBDOCTRUYEN-NEXTJS-LARAVEL\\backend-laravel\\vendor\\laravel\\framework\\src\\Illuminate\\Foundation\\Console\\Kernel.php(199): Illuminate\\Foundation\\Console\\Kernel->bootstrap()
#7 D:\\CODE\\deploy\\WEBDOCTRUYEN-NEXTJS-LARAVEL\\backend-laravel\\artisan(35): Illuminate\\Foundation\\Console\\Kernel->handle(Object(Symfony\\Component\\Console\\Input\\ArgvInput), Object(Symfony\\Component\\Console\\Output\\ConsoleOutput))
#8 {main}
"} 
[2025-04-15 18:32:25] local.ERROR: Please provide a valid cache path. {"exception":"[object] (InvalidArgumentException(code: 0): Please provide a valid cache path. at D:\\CODE\\deploy\\WEBDOCTRUYEN-NEXTJS-LARAVEL\\backend-laravel\\vendor\\laravel\\framework\\src\\Illuminate\\View\\Compilers\\Compiler.php:67)
[stacktrace]
#0 D:\\CODE\\deploy\\WEBDOCTRUYEN-NEXTJS-LARAVEL\\backend-laravel\\vendor\\laravel\\framework\\src\\Illuminate\\View\\ViewServiceProvider.php(97): Illuminate\\View\\Compilers\\Compiler->__construct(Object(Illuminate\\Filesystem\\Filesystem), false, '', true, 'php')
#1 D:\\CODE\\deploy\\WEBDOCTRUYEN-NEXTJS-LARAVEL\\backend-laravel\\vendor\\laravel\\framework\\src\\Illuminate\\Container\\Container.php(908): Illuminate\\View\\ViewServiceProvider->Illuminate\\View\\{closure}(Object(Illuminate\\Foundation\\Application), Array)
#2 D:\\CODE\\deploy\\WEBDOCTRUYEN-NEXTJS-LARAVEL\\backend-laravel\\vendor\\laravel\\framework\\src\\Illuminate\\Container\\Container.php(795): Illuminate\\Container\\Container->build(Object(Closure))
#3 D:\\CODE\\deploy\\WEBDOCTRUYEN-NEXTJS-LARAVEL\\backend-laravel\\vendor\\laravel\\framework\\src\\Illuminate\\Foundation\\Application.php(986): Illuminate\\Container\\Container->resolve('blade.compiler', Array, true)
#4 D:\\CODE\\deploy\\WEBDOCTRUYEN-NEXTJS-LARAVEL\\backend-laravel\\vendor\\laravel\\framework\\src\\Illuminate\\Container\\Container.php(731): Illuminate\\Foundation\\Application->resolve('blade.compiler', Array)
#5 D:\\CODE\\deploy\\WEBDOCTRUYEN-NEXTJS-LARAVEL\\backend-laravel\\vendor\\laravel\\framework\\src\\Illuminate\\Foundation\\Application.php(971): Illuminate\\Container\\Container->make('blade.compiler', Array)
#6 D:\\CODE\\deploy\\WEBDOCTRUYEN-NEXTJS-LARAVEL\\backend-laravel\\vendor\\laravel\\framework\\src\\Illuminate\\Container\\Container.php(1454): Illuminate\\Foundation\\Application->make('blade.compiler')
#7 D:\\CODE\\deploy\\WEBDOCTRUYEN-NEXTJS-LARAVEL\\backend-laravel\\vendor\\laravel\\framework\\src\\Illuminate\\Support\\Facades\\Facade.php(237): Illuminate\\Container\\Container->offsetGet('blade.compiler')
#8 D:\\CODE\\deploy\\WEBDOCTRUYEN-NEXTJS-LARAVEL\\backend-laravel\\vendor\\laravel\\framework\\src\\Illuminate\\Support\\Facades\\Facade.php(208): Illuminate\\Support\\Facades\\Facade::resolveFacadeInstance('blade.compiler')
#9 D:\\CODE\\deploy\\WEBDOCTRUYEN-NEXTJS-LARAVEL\\backend-laravel\\vendor\\laravel\\framework\\src\\Illuminate\\Support\\Facades\\Facade.php(349): Illuminate\\Support\\Facades\\Facade::getFacadeRoot()
#10 D:\\CODE\\deploy\\WEBDOCTRUYEN-NEXTJS-LARAVEL\\backend-laravel\\vendor\\cloudinary-labs\\cloudinary-laravel\\src\\CloudinaryServiceProvider.php(75): Illuminate\\Support\\Facades\\Facade::__callStatic('directive', Array)
#11 D:\\CODE\\deploy\\WEBDOCTRUYEN-NEXTJS-LARAVEL\\backend-laravel\\vendor\\cloudinary-labs\\cloudinary-laravel\\src\\CloudinaryServiceProvider.php(31): CloudinaryLabs\\CloudinaryLaravel\\CloudinaryServiceProvider->bootDirectives()
#12 D:\\CODE\\deploy\\WEBDOCTRUYEN-NEXTJS-LARAVEL\\backend-laravel\\vendor\\laravel\\framework\\src\\Illuminate\\Container\\BoundMethod.php(36): CloudinaryLabs\\CloudinaryLaravel\\CloudinaryServiceProvider->boot()
#13 D:\\CODE\\deploy\\WEBDOCTRUYEN-NEXTJS-LARAVEL\\backend-laravel\\vendor\\laravel\\framework\\src\\Illuminate\\Container\\Util.php(41): Illuminate\\Container\\BoundMethod::Illuminate\\Container\\{closure}()
#14 D:\\CODE\\deploy\\WEBDOCTRUYEN-NEXTJS-LARAVEL\\backend-laravel\\vendor\\laravel\\framework\\src\\Illuminate\\Container\\BoundMethod.php(93): Illuminate\\Container\\Util::unwrapIfClosure(Object(Closure))
#15 D:\\CODE\\deploy\\WEBDOCTRUYEN-NEXTJS-LARAVEL\\backend-laravel\\vendor\\laravel\\framework\\src\\Illuminate\\Container\\BoundMethod.php(35): Illuminate\\Container\\BoundMethod::callBoundMethod(Object(Illuminate\\Foundation\\Application), Array, Object(Closure))
#16 D:\\CODE\\deploy\\WEBDOCTRUYEN-NEXTJS-LARAVEL\\backend-laravel\\vendor\\laravel\\framework\\src\\Illuminate\\Container\\Container.php(662): Illuminate\\Container\\BoundMethod::call(Object(Illuminate\\Foundation\\Application), Array, Array, NULL)
#17 D:\\CODE\\deploy\\WEBDOCTRUYEN-NEXTJS-LARAVEL\\backend-laravel\\vendor\\laravel\\framework\\src\\Illuminate\\Foundation\\Application.php(1059): Illuminate\\Container\\Container->call(Array)
#18 D:\\CODE\\deploy\\WEBDOCTRUYEN-NEXTJS-LARAVEL\\backend-laravel\\vendor\\laravel\\framework\\src\\Illuminate\\Foundation\\Application.php(1040): Illuminate\\Foundation\\Application->bootProvider(Object(CloudinaryLabs\\CloudinaryLaravel\\CloudinaryServiceProvider))
#19 [internal function]: Illuminate\\Foundation\\Application->Illuminate\\Foundation\\{closure}(Object(CloudinaryLabs\\CloudinaryLaravel\\CloudinaryServiceProvider), 15)
#20 D:\\CODE\\deploy\\WEBDOCTRUYEN-NEXTJS-LARAVEL\\backend-laravel\\vendor\\laravel\\framework\\src\\Illuminate\\Foundation\\Application.php(1039): array_walk(Array, Object(Closure))
#21 D:\\CODE\\deploy\\WEBDOCTRUYEN-NEXTJS-LARAVEL\\backend-laravel\\vendor\\laravel\\framework\\src\\Illuminate\\Foundation\\Bootstrap\\BootProviders.php(17): Illuminate\\Foundation\\Application->boot()
#22 D:\\CODE\\deploy\\WEBDOCTRUYEN-NEXTJS-LARAVEL\\backend-laravel\\vendor\\laravel\\framework\\src\\Illuminate\\Foundation\\Application.php(286): Illuminate\\Foundation\\Bootstrap\\BootProviders->bootstrap(Object(Illuminate\\Foundation\\Application))
#23 D:\\CODE\\deploy\\WEBDOCTRUYEN-NEXTJS-LARAVEL\\backend-laravel\\vendor\\laravel\\framework\\src\\Illuminate\\Foundation\\Console\\Kernel.php(447): Illuminate\\Foundation\\Application->bootstrapWith(Array)
#24 D:\\CODE\\deploy\\WEBDOCTRUYEN-NEXTJS-LARAVEL\\backend-laravel\\vendor\\laravel\\framework\\src\\Illuminate\\Foundation\\Console\\Kernel.php(199): Illuminate\\Foundation\\Console\\Kernel->bootstrap()
#25 D:\\CODE\\deploy\\WEBDOCTRUYEN-NEXTJS-LARAVEL\\backend-laravel\\artisan(35): Illuminate\\Foundation\\Console\\Kernel->handle(Object(Symfony\\Component\\Console\\Input\\ArgvInput), Object(Symfony\\Component\\Console\\Output\\ConsoleOutput))
#26 {main}
"} 
[2025-04-15 18:32:31] local.ERROR: Please provide a valid cache path. {"exception":"[object] (InvalidArgumentException(code: 0): Please provide a valid cache path. at D:\\CODE\\deploy\\WEBDOCTRUYEN-NEXTJS-LARAVEL\\backend-laravel\\vendor\\laravel\\framework\\src\\Illuminate\\View\\Compilers\\Compiler.php:67)
[stacktrace]
#0 D:\\CODE\\deploy\\WEBDOCTRUYEN-NEXTJS-LARAVEL\\backend-laravel\\vendor\\laravel\\framework\\src\\Illuminate\\View\\ViewServiceProvider.php(97): Illuminate\\View\\Compilers\\Compiler->__construct(Object(Illuminate\\Filesystem\\Filesystem), false, '', true, 'php')
#1 D:\\CODE\\deploy\\WEBDOCTRUYEN-NEXTJS-LARAVEL\\backend-laravel\\vendor\\laravel\\framework\\src\\Illuminate\\Container\\Container.php(908): Illuminate\\View\\ViewServiceProvider->Illuminate\\View\\{closure}(Object(Illuminate\\Foundation\\Application), Array)
#2 D:\\CODE\\deploy\\WEBDOCTRUYEN-NEXTJS-LARAVEL\\backend-laravel\\vendor\\laravel\\framework\\src\\Illuminate\\Container\\Container.php(795): Illuminate\\Container\\Container->build(Object(Closure))
#3 D:\\CODE\\deploy\\WEBDOCTRUYEN-NEXTJS-LARAVEL\\backend-laravel\\vendor\\laravel\\framework\\src\\Illuminate\\Foundation\\Application.php(986): Illuminate\\Container\\Container->resolve('blade.compiler', Array, true)
#4 D:\\CODE\\deploy\\WEBDOCTRUYEN-NEXTJS-LARAVEL\\backend-laravel\\vendor\\laravel\\framework\\src\\Illuminate\\Container\\Container.php(731): Illuminate\\Foundation\\Application->resolve('blade.compiler', Array)
#5 D:\\CODE\\deploy\\WEBDOCTRUYEN-NEXTJS-LARAVEL\\backend-laravel\\vendor\\laravel\\framework\\src\\Illuminate\\Foundation\\Application.php(971): Illuminate\\Container\\Container->make('blade.compiler', Array)
#6 D:\\CODE\\deploy\\WEBDOCTRUYEN-NEXTJS-LARAVEL\\backend-laravel\\vendor\\laravel\\framework\\src\\Illuminate\\Container\\Container.php(1454): Illuminate\\Foundation\\Application->make('blade.compiler')
#7 D:\\CODE\\deploy\\WEBDOCTRUYEN-NEXTJS-LARAVEL\\backend-laravel\\vendor\\laravel\\framework\\src\\Illuminate\\Support\\Facades\\Facade.php(237): Illuminate\\Container\\Container->offsetGet('blade.compiler')
#8 D:\\CODE\\deploy\\WEBDOCTRUYEN-NEXTJS-LARAVEL\\backend-laravel\\vendor\\laravel\\framework\\src\\Illuminate\\Support\\Facades\\Facade.php(208): Illuminate\\Support\\Facades\\Facade::resolveFacadeInstance('blade.compiler')
#9 D:\\CODE\\deploy\\WEBDOCTRUYEN-NEXTJS-LARAVEL\\backend-laravel\\vendor\\laravel\\framework\\src\\Illuminate\\Support\\Facades\\Facade.php(349): Illuminate\\Support\\Facades\\Facade::getFacadeRoot()
#10 D:\\CODE\\deploy\\WEBDOCTRUYEN-NEXTJS-LARAVEL\\backend-laravel\\vendor\\cloudinary-labs\\cloudinary-laravel\\src\\CloudinaryServiceProvider.php(75): Illuminate\\Support\\Facades\\Facade::__callStatic('directive', Array)
#11 D:\\CODE\\deploy\\WEBDOCTRUYEN-NEXTJS-LARAVEL\\backend-laravel\\vendor\\cloudinary-labs\\cloudinary-laravel\\src\\CloudinaryServiceProvider.php(31): CloudinaryLabs\\CloudinaryLaravel\\CloudinaryServiceProvider->bootDirectives()
#12 D:\\CODE\\deploy\\WEBDOCTRUYEN-NEXTJS-LARAVEL\\backend-laravel\\vendor\\laravel\\framework\\src\\Illuminate\\Container\\BoundMethod.php(36): CloudinaryLabs\\CloudinaryLaravel\\CloudinaryServiceProvider->boot()
#13 D:\\CODE\\deploy\\WEBDOCTRUYEN-NEXTJS-LARAVEL\\backend-laravel\\vendor\\laravel\\framework\\src\\Illuminate\\Container\\Util.php(41): Illuminate\\Container\\BoundMethod::Illuminate\\Container\\{closure}()
#14 D:\\CODE\\deploy\\WEBDOCTRUYEN-NEXTJS-LARAVEL\\backend-laravel\\vendor\\laravel\\framework\\src\\Illuminate\\Container\\BoundMethod.php(93): Illuminate\\Container\\Util::unwrapIfClosure(Object(Closure))
#15 D:\\CODE\\deploy\\WEBDOCTRUYEN-NEXTJS-LARAVEL\\backend-laravel\\vendor\\laravel\\framework\\src\\Illuminate\\Container\\BoundMethod.php(35): Illuminate\\Container\\BoundMethod::callBoundMethod(Object(Illuminate\\Foundation\\Application), Array, Object(Closure))
#16 D:\\CODE\\deploy\\WEBDOCTRUYEN-NEXTJS-LARAVEL\\backend-laravel\\vendor\\laravel\\framework\\src\\Illuminate\\Container\\Container.php(662): Illuminate\\Container\\BoundMethod::call(Object(Illuminate\\Foundation\\Application), Array, Array, NULL)
#17 D:\\CODE\\deploy\\WEBDOCTRUYEN-NEXTJS-LARAVEL\\backend-laravel\\vendor\\laravel\\framework\\src\\Illuminate\\Foundation\\Application.php(1059): Illuminate\\Container\\Container->call(Array)
#18 D:\\CODE\\deploy\\WEBDOCTRUYEN-NEXTJS-LARAVEL\\backend-laravel\\vendor\\laravel\\framework\\src\\Illuminate\\Foundation\\Application.php(1040): Illuminate\\Foundation\\Application->bootProvider(Object(CloudinaryLabs\\CloudinaryLaravel\\CloudinaryServiceProvider))
#19 [internal function]: Illuminate\\Foundation\\Application->Illuminate\\Foundation\\{closure}(Object(CloudinaryLabs\\CloudinaryLaravel\\CloudinaryServiceProvider), 15)
#20 D:\\CODE\\deploy\\WEBDOCTRUYEN-NEXTJS-LARAVEL\\backend-laravel\\vendor\\laravel\\framework\\src\\Illuminate\\Foundation\\Application.php(1039): array_walk(Array, Object(Closure))
#21 D:\\CODE\\deploy\\WEBDOCTRUYEN-NEXTJS-LARAVEL\\backend-laravel\\vendor\\laravel\\framework\\src\\Illuminate\\Foundation\\Bootstrap\\BootProviders.php(17): Illuminate\\Foundation\\Application->boot()
#22 D:\\CODE\\deploy\\WEBDOCTRUYEN-NEXTJS-LARAVEL\\backend-laravel\\vendor\\laravel\\framework\\src\\Illuminate\\Foundation\\Application.php(286): Illuminate\\Foundation\\Bootstrap\\BootProviders->bootstrap(Object(Illuminate\\Foundation\\Application))
#23 D:\\CODE\\deploy\\WEBDOCTRUYEN-NEXTJS-LARAVEL\\backend-laravel\\vendor\\laravel\\framework\\src\\Illuminate\\Foundation\\Console\\Kernel.php(447): Illuminate\\Foundation\\Application->bootstrapWith(Array)
#24 D:\\CODE\\deploy\\WEBDOCTRUYEN-NEXTJS-LARAVEL\\backend-laravel\\vendor\\laravel\\framework\\src\\Illuminate\\Foundation\\Console\\Kernel.php(199): Illuminate\\Foundation\\Console\\Kernel->bootstrap()
#25 D:\\CODE\\deploy\\WEBDOCTRUYEN-NEXTJS-LARAVEL\\backend-laravel\\artisan(35): Illuminate\\Foundation\\Console\\Kernel->handle(Object(Symfony\\Component\\Console\\Input\\ArgvInput), Object(Symfony\\Component\\Console\\Output\\ConsoleOutput))
#26 {main}
"} 
[2025-04-15 18:32:53] local.ERROR: Class "Barryvdh\LaravelIdeHelper\IdeHelperServiceProvider" not found {"exception":"[object] (Error(code: 0): Class \"Barryvdh\\LaravelIdeHelper\\IdeHelperServiceProvider\" not found at D:\\CODE\\deploy\\WEBDOCTRUYEN-NEXTJS-LARAVEL\\backend-laravel\\vendor\\laravel\\framework\\src\\Illuminate\\Foundation\\ProviderRepository.php:206)
[stacktrace]
#0 D:\\CODE\\deploy\\WEBDOCTRUYEN-NEXTJS-LARAVEL\\backend-laravel\\vendor\\laravel\\framework\\src\\Illuminate\\Foundation\\ProviderRepository.php(142): Illuminate\\Foundation\\ProviderRepository->createProvider('Barryvdh\\\\Larave...')
#1 D:\\CODE\\deploy\\WEBDOCTRUYEN-NEXTJS-LARAVEL\\backend-laravel\\vendor\\laravel\\framework\\src\\Illuminate\\Foundation\\ProviderRepository.php(61): Illuminate\\Foundation\\ProviderRepository->compileManifest(Array)
#2 D:\\CODE\\deploy\\WEBDOCTRUYEN-NEXTJS-LARAVEL\\backend-laravel\\vendor\\laravel\\framework\\src\\Illuminate\\Foundation\\Application.php(794): Illuminate\\Foundation\\ProviderRepository->load(Array)
#3 D:\\CODE\\deploy\\WEBDOCTRUYEN-NEXTJS-LARAVEL\\backend-laravel\\vendor\\laravel\\framework\\src\\Illuminate\\Foundation\\Bootstrap\\RegisterProviders.php(17): Illuminate\\Foundation\\Application->registerConfiguredProviders()
#4 D:\\CODE\\deploy\\WEBDOCTRUYEN-NEXTJS-LARAVEL\\backend-laravel\\vendor\\laravel\\framework\\src\\Illuminate\\Foundation\\Application.php(286): Illuminate\\Foundation\\Bootstrap\\RegisterProviders->bootstrap(Object(Illuminate\\Foundation\\Application))
#5 D:\\CODE\\deploy\\WEBDOCTRUYEN-NEXTJS-LARAVEL\\backend-laravel\\vendor\\laravel\\framework\\src\\Illuminate\\Foundation\\Console\\Kernel.php(447): Illuminate\\Foundation\\Application->bootstrapWith(Array)
#6 D:\\CODE\\deploy\\WEBDOCTRUYEN-NEXTJS-LARAVEL\\backend-laravel\\vendor\\laravel\\framework\\src\\Illuminate\\Foundation\\Console\\Kernel.php(199): Illuminate\\Foundation\\Console\\Kernel->bootstrap()
#7 D:\\CODE\\deploy\\WEBDOCTRUYEN-NEXTJS-LARAVEL\\backend-laravel\\artisan(35): Illuminate\\Foundation\\Console\\Kernel->handle(Object(Symfony\\Component\\Console\\Input\\ArgvInput), Object(Symfony\\Component\\Console\\Output\\ConsoleOutput))
#8 {main}
"} 
[2025-04-15 18:33:47] local.ERROR: Class "Barryvdh\LaravelIdeHelper\IdeHelperServiceProvider" not found {"exception":"[object] (Error(code: 0): Class \"Barryvdh\\LaravelIdeHelper\\IdeHelperServiceProvider\" not found at D:\\CODE\\deploy\\WEBDOCTRUYEN-NEXTJS-LARAVEL\\backend-laravel\\vendor\\laravel\\framework\\src\\Illuminate\\Foundation\\ProviderRepository.php:206)
[stacktrace]
#0 D:\\CODE\\deploy\\WEBDOCTRUYEN-NEXTJS-LARAVEL\\backend-laravel\\vendor\\laravel\\framework\\src\\Illuminate\\Foundation\\ProviderRepository.php(142): Illuminate\\Foundation\\ProviderRepository->createProvider('Barryvdh\\\\Larave...')
#1 D:\\CODE\\deploy\\WEBDOCTRUYEN-NEXTJS-LARAVEL\\backend-laravel\\vendor\\laravel\\framework\\src\\Illuminate\\Foundation\\ProviderRepository.php(61): Illuminate\\Foundation\\ProviderRepository->compileManifest(Array)
#2 D:\\CODE\\deploy\\WEBDOCTRUYEN-NEXTJS-LARAVEL\\backend-laravel\\vendor\\laravel\\framework\\src\\Illuminate\\Foundation\\Application.php(794): Illuminate\\Foundation\\ProviderRepository->load(Array)
#3 D:\\CODE\\deploy\\WEBDOCTRUYEN-NEXTJS-LARAVEL\\backend-laravel\\vendor\\laravel\\framework\\src\\Illuminate\\Foundation\\Bootstrap\\RegisterProviders.php(17): Illuminate\\Foundation\\Application->registerConfiguredProviders()
#4 D:\\CODE\\deploy\\WEBDOCTRUYEN-NEXTJS-LARAVEL\\backend-laravel\\vendor\\laravel\\framework\\src\\Illuminate\\Foundation\\Application.php(286): Illuminate\\Foundation\\Bootstrap\\RegisterProviders->bootstrap(Object(Illuminate\\Foundation\\Application))
#5 D:\\CODE\\deploy\\WEBDOCTRUYEN-NEXTJS-LARAVEL\\backend-laravel\\vendor\\laravel\\framework\\src\\Illuminate\\Foundation\\Console\\Kernel.php(447): Illuminate\\Foundation\\Application->bootstrapWith(Array)
#6 D:\\CODE\\deploy\\WEBDOCTRUYEN-NEXTJS-LARAVEL\\backend-laravel\\vendor\\laravel\\framework\\src\\Illuminate\\Foundation\\Console\\Kernel.php(199): Illuminate\\Foundation\\Console\\Kernel->bootstrap()
#7 D:\\CODE\\deploy\\WEBDOCTRUYEN-NEXTJS-LARAVEL\\backend-laravel\\artisan(35): Illuminate\\Foundation\\Console\\Kernel->handle(Object(Symfony\\Component\\Console\\Input\\ArgvInput), Object(Symfony\\Component\\Console\\Output\\ConsoleOutput))
#8 {main}
"} 
